number,value,datetime_start,datetime_complete,duration,params_batch_size,params_d_ff,params_dropout,params_learning_rate,params_model_dim,params_num_heads,params_num_layers,params_weight_decay,state
116,0.9315686274509805,2026-04-04 11:05:53.080825,2026-04-04 11:13:28.776939,0 days 00:07:35.696114,32,256,0.17615262099943563,0.0005237083755017241,64,8,2,0.0006266545089579867,COMPLETE
117,0.8582887700534759,2026-04-04 11:13:28.797769,2026-04-04 11:15:45.666511,0 days 00:02:16.868742,32,256,0.1743572234484533,0.00048809784627741745,64,8,2,0.0006285989398163352,PRUNED
118,0.8588437542849308,2026-04-04 11:15:45.685228,2026-04-04 11:18:02.941310,0 days 00:02:17.256082,32,256,0.16444795945902058,0.00033381441547172445,64,8,2,0.0012114911558562481,PRUNED
119,0.8096446935417523,2026-04-04 11:18:02.958685,2026-04-04 11:20:12.332571,0 days 00:02:09.373886,64,256,0.14751624439357627,0.00027353484165342607,64,8,2,0.00031156300877300245,PRUNED
