number,value,datetime_start,datetime_complete,duration,params_batch_size,params_d_ff,params_dropout,params_learning_rate,params_model_dim,params_num_heads,params_num_layers,params_weight_decay,state
117,0.930992904154669,2026-04-04 03:15:39.854294,2026-04-04 03:19:59.333170,0 days 00:04:19.478876,64,128,0.14560522971004897,0.0008046149211325659,64,4,2,0.0007380116352839924,COMPLETE
118,0.8203715891951187,2026-04-04 03:19:59.352256,2026-04-04 03:21:21.808142,0 days 00:01:22.455886,64,512,0.49849015376209815,0.0006154039638942442,64,4,2,0.0005222636307803886,PRUNED
119,0.860420780200192,2026-04-04 03:21:21.960739,2026-04-04 03:22:54.848143,0 days 00:01:32.887404,64,256,0.12689907947612175,0.0008850744097422959,64,4,2,0.0003750602757461664,PRUNED
120,0.7965436034553681,2026-04-04 03:22:54.868829,2026-04-04 03:24:13.064362,0 days 00:01:18.195533,64,128,0.39391121172876875,0.0007212750608038903,64,4,2,0.00024623293995637324,PRUNED
121,0.8718639448786507,2026-04-04 03:24:13.082485,2026-04-04 03:25:44.192999,0 days 00:01:31.110514,64,128,0.13689147508930385,0.0008059769679650663,64,4,2,0.00019052559926839005,PRUNED
122,0.931124194433018,2026-04-04 03:26:24.260193,2026-04-04 03:30:43.603960,0 days 00:04:19.343767,64,128,0.10115113198013832,0.0008180040945819782,64,4,2,0.0006392362284564808,COMPLETE
123,0.8705817221993692,2026-04-04 03:30:43.624630,2026-04-04 03:32:14.716513,0 days 00:01:31.091883,64,128,0.10215656416359829,0.0009874988906958425,64,4,2,0.0009048600115301729,PRUNED
124,0.9315484025778143,2026-04-04 03:32:14.830489,2026-04-04 03:36:34.515409,0 days 00:04:19.684920,64,128,0.11889214850642141,0.0006554805011879777,64,4,2,0.0011838705747772935,COMPLETE
125,0.9315585150143975,2026-04-04 03:36:34.544726,2026-04-04 03:40:53.988154,0 days 00:04:19.443428,64,128,0.1175332274191071,0.0006538364145051447,64,4,2,0.001243525122664602,COMPLETE
126,0.9312757095845332,2026-04-04 03:40:54.024546,2026-04-04 03:45:13.665019,0 days 00:04:19.640473,64,128,0.12069509725969049,0.0006795006203328029,64,4,2,0.0011605941890922727,COMPLETE
127,0.7484646236116824,2026-04-04 03:45:13.686761,2026-04-04 03:46:44.890162,0 days 00:01:31.203401,64,128,0.12113028031373277,0.0006479912523080576,64,4,2,0.0020464917513042555,PRUNED
128,0.8553892431098313,2026-04-04 03:46:45.007241,2026-04-04 03:48:03.077063,0 days 00:01:18.069822,64,128,0.13458378392982595,0.0006708996855596416,64,4,2,0.0011171911221084954,PRUNED
129,0.8316735225558756,2026-04-04 03:48:03.190667,2026-04-04 03:49:21.373867,0 days 00:01:18.183200,64,128,0.11684085801550227,0.0005930815452382387,64,4,2,0.0030433853171118893,PRUNED
130,0.9314171122994652,2026-04-04 03:49:21.487630,2026-04-04 03:56:24.728961,0 days 00:07:03.241331,64,128,0.15539748525771163,0.0008801502259422097,64,8,2,0.0014305990766611868,COMPLETE
131,0.9306595365418895,2026-04-04 03:56:24.749432,2026-04-04 04:03:27.382094,0 days 00:07:02.632662,64,128,0.15595435242517733,0.000906507911331697,64,8,2,0.0002893539084956021,COMPLETE
132,0.5644825517619636,2026-04-04 04:03:27.402662,2026-04-04 04:05:34.991201,0 days 00:02:07.588539,64,128,0.12791013393559889,1.0254562839234945e-05,64,8,2,0.001484542567401847,PRUNED
133,0.8772674139585904,2026-04-04 04:05:35.104557,2026-04-04 04:08:03.624991,0 days 00:02:28.520434,64,128,0.1439505168817377,0.000706704323020491,64,8,2,0.002538956418318973,PRUNED
134,0.9314171122994652,2026-04-04 04:08:03.747557,2026-04-04 04:15:06.802123,0 days 00:07:03.054566,64,128,0.11925403777175328,0.0008488510405396283,64,8,2,0.0013638156871870033,COMPLETE
