number,value,datetime_start,datetime_complete,duration,params_batch_size,params_d_ff,params_dropout,params_learning_rate,params_model_dim,params_num_heads,params_num_layers,params_weight_decay,state
116,0.8761159673659673,2026-03-31 21:40:10.319516,2026-03-31 21:41:36.099028,0 days 00:01:25.779512,32,128,0.12183030928195955,0.0003796482423751918,64,4,2,0.0009407437405870551,PRUNED
117,0.8750761003702181,2026-03-31 21:41:36.117803,2026-03-31 21:43:03.240449,0 days 00:01:27.122646,32,256,0.41953351647476056,0.0006153840259671671,64,4,2,0.0004829553270381691,PRUNED
118,0.8751866515837103,2026-03-31 21:43:03.258705,2026-03-31 21:44:29.702266,0 days 00:01:26.443561,32,128,0.133768899154941,0.00047002803065718864,64,4,2,0.0002328864026727407,PRUNED
119,0.9308515014397367,2026-03-31 21:45:09.765861,2026-03-31 21:49:55.601010,0 days 00:04:45.835149,32,128,0.1106630955806058,0.00028997741753012556,64,4,2,0.0012456031252481622,COMPLETE
