number,value,datetime_start,datetime_complete,duration,params_batch_size,params_d_ff,params_dropout,params_learning_rate,params_model_dim,params_num_heads,params_num_layers,params_weight_decay,state
117,0.7906500192574017,2026-03-31 11:52:59.293914,2026-03-31 11:54:14.005444,0 days 00:01:14.711530,64,256,0.19393041113083012,0.0006757033080973285,32,4,2,0.00010953939976107656,PRUNED
118,0.9299045939146611,2026-03-31 11:54:14.024683,2026-03-31 11:58:38.534221,0 days 00:04:24.509538,64,128,0.10640569700886937,0.0005334987000042091,64,4,2,8.129892974145396e-05,COMPLETE
119,0.8743761831010153,2026-03-31 11:58:38.556194,2026-03-31 11:59:47.862235,0 days 00:01:09.306041,128,128,0.11859496578308194,0.0009996262370699808,32,4,2,0.0010477824422119827,PRUNED
