number,value,datetime_start,datetime_complete,duration,params_batch_size,params_d_ff,params_dropout,params_learning_rate,params_model_dim,params_num_heads,params_num_layers,params_weight_decay,state
116,0.8157243246949129,2026-03-31 06:31:54.046507,2026-03-31 06:33:20.343246,0 days 00:01:26.296739,32,128,0.1944841944036102,0.0006631755128356027,32,4,2,1.1069450760069224e-05,PRUNED
117,0.8981854175236528,2026-03-31 06:33:20.362828,2026-03-31 06:35:05.065724,0 days 00:01:44.702896,32,128,0.17845294343677037,0.0005531730371926156,64,4,2,2.0194280989739706e-05,PRUNED
118,0.6362781091457562,2026-03-31 06:35:05.086211,2026-03-31 06:38:32.883871,0 days 00:03:27.797660,32,128,0.15781840950425238,1.1765086987076847e-05,64,4,4,7.976123483663503e-05,PRUNED
119,0.8474808035102153,2026-03-31 06:38:33.058021,2026-03-31 06:39:46.522157,0 days 00:01:13.464136,64,128,0.188900138780981,0.0009989619831135413,32,4,2,6.185600298219072e-05,PRUNED
